
AVRASM ver. 2.1.30  C:\Users\MAAZ\Desktop\projectmicro\SLAVE22\Debug\List\slave3.asm Fri Jul 05 05:07:42 2019

C:\Users\MAAZ\Desktop\projectmicro\SLAVE22\Debug\List\slave3.asm(1088): warning: Register r4 already defined by the .DEF directive
C:\Users\MAAZ\Desktop\projectmicro\SLAVE22\Debug\List\slave3.asm(1089): warning: Register r5 already defined by the .DEF directive
C:\Users\MAAZ\Desktop\projectmicro\SLAVE22\Debug\List\slave3.asm(1090): warning: Register r7 already defined by the .DEF directive
C:\Users\MAAZ\Desktop\projectmicro\SLAVE22\Debug\List\slave3.asm(1091): warning: Register r6 already defined by the .DEF directive
C:\Users\MAAZ\Desktop\projectmicro\SLAVE22\Debug\List\slave3.asm(1092): warning: Register r9 already defined by the .DEF directive
C:\Users\MAAZ\Desktop\projectmicro\SLAVE22\Debug\List\slave3.asm(1093): warning: Register r8 already defined by the .DEF directive
C:\Users\MAAZ\Desktop\projectmicro\SLAVE22\Debug\List\slave3.asm(1094): warning: Register r11 already defined by the .DEF directive
C:\Users\MAAZ\Desktop\projectmicro\SLAVE22\Debug\List\slave3.asm(1095): warning: Register r10 already defined by the .DEF directive
                 
                 
                 ;CodeVisionAVR C Compiler V3.12 Advanced
                 ;(C) Copyright 1998-2014 Pavel Haiduc, HP InfoTech s.r.l.
                 ;http://www.hpinfotech.com
                 
                 ;Build configuration    : Debug
                 ;Chip type              : ATmega32
                 ;Program type           : Application
                 ;Clock frequency        : 1.000000 MHz
                 ;Memory model           : Small
                 ;Optimize for           : Size
                 ;(s)printf features     : int, width
                 ;(s)scanf features      : int, width
                 ;External RAM size      : 0
                 ;Data Stack size        : 512 byte(s)
                 ;Heap size              : 0 byte(s)
                 ;Promote 'char' to 'int': Yes
                 ;'char' is unsigned     : Yes
                 ;8 bit enums            : Yes
                 ;Global 'const' stored in FLASH: Yes
                 ;Enhanced function parameter passing: Yes
                 ;Enhanced core instructions: On
                 ;Automatic register allocation for global variables: On
                 ;Smart register allocation: On
                 
                 	#define _MODEL_SMALL_
                 
                 	#pragma AVRPART ADMIN PART_NAME ATmega32
                 	#pragma AVRPART MEMORY PROG_FLASH 32768
                 	#pragma AVRPART MEMORY EEPROM 1024
                 	#pragma AVRPART MEMORY INT_SRAM SIZE 2048
                 	#pragma AVRPART MEMORY INT_SRAM START_ADDR 0x60
                 
                 	#define CALL_SUPPORTED 1
                 
                 	.LISTMAC
                 	.EQU UDRE=0x5
                 	.EQU RXC=0x7
                 	.EQU USR=0xB
                 	.EQU UDR=0xC
                 	.EQU SPSR=0xE
                 	.EQU SPDR=0xF
                 	.EQU EERE=0x0
                 	.EQU EEWE=0x1
                 	.EQU EEMWE=0x2
                 	.EQU EECR=0x1C
                 	.EQU EEDR=0x1D
                 	.EQU EEARL=0x1E
                 	.EQU EEARH=0x1F
                 	.EQU WDTCR=0x21
                 	.EQU MCUCR=0x35
                 	.EQU GICR=0x3B
                 	.EQU SPL=0x3D
                 	.EQU SPH=0x3E
                 	.EQU SREG=0x3F
                 
                 	.DEF R0X0=R0
                 	.DEF R0X1=R1
                 	.DEF R0X2=R2
                 	.DEF R0X3=R3
                 	.DEF R0X4=R4
                 	.DEF R0X5=R5
                 	.DEF R0X6=R6
                 	.DEF R0X7=R7
                 	.DEF R0X8=R8
                 	.DEF R0X9=R9
                 	.DEF R0XA=R10
                 	.DEF R0XB=R11
                 	.DEF R0XC=R12
                 	.DEF R0XD=R13
                 	.DEF R0XE=R14
                 	.DEF R0XF=R15
                 	.DEF R0X10=R16
                 	.DEF R0X11=R17
                 	.DEF R0X12=R18
                 	.DEF R0X13=R19
                 	.DEF R0X14=R20
                 	.DEF R0X15=R21
                 	.DEF R0X16=R22
                 	.DEF R0X17=R23
                 	.DEF R0X18=R24
                 	.DEF R0X19=R25
                 	.DEF R0X1A=R26
                 	.DEF R0X1B=R27
                 	.DEF R0X1C=R28
                 	.DEF R0X1D=R29
                 	.DEF R0X1E=R30
                 	.DEF R0X1F=R31
                 
                 	.EQU __SRAM_START=0x0060
                 	.EQU __SRAM_END=0x085F
                 	.EQU __DSTACK_SIZE=0x0200
                 	.EQU __HEAP_SIZE=0x0000
                 	.EQU __CLEAR_SRAM_SIZE=__SRAM_END-__SRAM_START+1
                 
                 	.MACRO __CPD1N
                 	CPI  R30,LOW(@0)
                 	LDI  R26,HIGH(@0)
                 	CPC  R31,R26
                 	LDI  R26,BYTE3(@0)
                 	CPC  R22,R26
                 	LDI  R26,BYTE4(@0)
                 	CPC  R23,R26
                 	.ENDM
                 
                 	.MACRO __CPD2N
                 	CPI  R26,LOW(@0)
                 	LDI  R30,HIGH(@0)
                 	CPC  R27,R30
                 	LDI  R30,BYTE3(@0)
                 	CPC  R24,R30
                 	LDI  R30,BYTE4(@0)
                 	CPC  R25,R30
                 	.ENDM
                 
                 	.MACRO __CPWRR
                 	CP   R@0,R@2
                 	CPC  R@1,R@3
                 	.ENDM
                 
                 	.MACRO __CPWRN
                 	CPI  R@0,LOW(@2)
                 	LDI  R30,HIGH(@2)
                 	CPC  R@1,R30
                 	.ENDM
                 
                 	.MACRO __ADDB1MN
                 	SUBI R30,LOW(-@0-(@1))
                 	.ENDM
                 
                 	.MACRO __ADDB2MN
                 	SUBI R26,LOW(-@0-(@1))
                 	.ENDM
                 
                 	.MACRO __ADDW1MN
                 	SUBI R30,LOW(-@0-(@1))
                 	SBCI R31,HIGH(-@0-(@1))
                 	.ENDM
                 
                 	.MACRO __ADDW2MN
                 	SUBI R26,LOW(-@0-(@1))
                 	SBCI R27,HIGH(-@0-(@1))
                 	.ENDM
                 
                 	.MACRO __ADDW1FN
                 	SUBI R30,LOW(-2*@0-(@1))
                 	SBCI R31,HIGH(-2*@0-(@1))
                 	.ENDM
                 
                 	.MACRO __ADDD1FN
                 	SUBI R30,LOW(-2*@0-(@1))
                 	SBCI R31,HIGH(-2*@0-(@1))
                 	SBCI R22,BYTE3(-2*@0-(@1))
                 	.ENDM
                 
                 	.MACRO __ADDD1N
                 	SUBI R30,LOW(-@0)
                 	SBCI R31,HIGH(-@0)
                 	SBCI R22,BYTE3(-@0)
                 	SBCI R23,BYTE4(-@0)
                 	.ENDM
                 
                 	.MACRO __ADDD2N
                 	SUBI R26,LOW(-@0)
                 	SBCI R27,HIGH(-@0)
                 	SBCI R24,BYTE3(-@0)
                 	SBCI R25,BYTE4(-@0)
                 	.ENDM
                 
                 	.MACRO __SUBD1N
                 	SUBI R30,LOW(@0)
                 	SBCI R31,HIGH(@0)
                 	SBCI R22,BYTE3(@0)
                 	SBCI R23,BYTE4(@0)
                 	.ENDM
                 
                 	.MACRO __SUBD2N
                 	SUBI R26,LOW(@0)
                 	SBCI R27,HIGH(@0)
                 	SBCI R24,BYTE3(@0)
                 	SBCI R25,BYTE4(@0)
                 	.ENDM
                 
                 	.MACRO __ANDBMNN
                 	LDS  R30,@0+(@1)
                 	ANDI R30,LOW(@2)
                 	STS  @0+(@1),R30
                 	.ENDM
                 
                 	.MACRO __ANDWMNN
                 	LDS  R30,@0+(@1)
                 	ANDI R30,LOW(@2)
                 	STS  @0+(@1),R30
                 	LDS  R30,@0+(@1)+1
                 	ANDI R30,HIGH(@2)
                 	STS  @0+(@1)+1,R30
                 	.ENDM
                 
                 	.MACRO __ANDD1N
                 	ANDI R30,LOW(@0)
                 	ANDI R31,HIGH(@0)
                 	ANDI R22,BYTE3(@0)
                 	ANDI R23,BYTE4(@0)
                 	.ENDM
                 
                 	.MACRO __ANDD2N
                 	ANDI R26,LOW(@0)
                 	ANDI R27,HIGH(@0)
                 	ANDI R24,BYTE3(@0)
                 	ANDI R25,BYTE4(@0)
                 	.ENDM
                 
                 	.MACRO __ORBMNN
                 	LDS  R30,@0+(@1)
                 	ORI  R30,LOW(@2)
                 	STS  @0+(@1),R30
                 	.ENDM
                 
                 	.MACRO __ORWMNN
                 	LDS  R30,@0+(@1)
                 	ORI  R30,LOW(@2)
                 	STS  @0+(@1),R30
                 	LDS  R30,@0+(@1)+1
                 	ORI  R30,HIGH(@2)
                 	STS  @0+(@1)+1,R30
                 	.ENDM
                 
                 	.MACRO __ORD1N
                 	ORI  R30,LOW(@0)
                 	ORI  R31,HIGH(@0)
                 	ORI  R22,BYTE3(@0)
                 	ORI  R23,BYTE4(@0)
                 	.ENDM
                 
                 	.MACRO __ORD2N
                 	ORI  R26,LOW(@0)
                 	ORI  R27,HIGH(@0)
                 	ORI  R24,BYTE3(@0)
                 	ORI  R25,BYTE4(@0)
                 	.ENDM
                 
                 	.MACRO __DELAY_USB
                 	LDI  R24,LOW(@0)
                 __DELAY_USB_LOOP:
                 	DEC  R24
                 	BRNE __DELAY_USB_LOOP
                 	.ENDM
                 
                 	.MACRO __DELAY_USW
                 	LDI  R24,LOW(@0)
                 	LDI  R25,HIGH(@0)
                 __DELAY_USW_LOOP:
                 	SBIW R24,1
                 	BRNE __DELAY_USW_LOOP
                 	.ENDM
                 
                 	.MACRO __GETD1S
                 	LDD  R30,Y+@0
                 	LDD  R31,Y+@0+1
                 	LDD  R22,Y+@0+2
                 	LDD  R23,Y+@0+3
                 	.ENDM
                 
                 	.MACRO __GETD2S
                 	LDD  R26,Y+@0
                 	LDD  R27,Y+@0+1
                 	LDD  R24,Y+@0+2
                 	LDD  R25,Y+@0+3
                 	.ENDM
                 
                 	.MACRO __PUTD1S
                 	STD  Y+@0,R30
                 	STD  Y+@0+1,R31
                 	STD  Y+@0+2,R22
                 	STD  Y+@0+3,R23
                 	.ENDM
                 
                 	.MACRO __PUTD2S
                 	STD  Y+@0,R26
                 	STD  Y+@0+1,R27
                 	STD  Y+@0+2,R24
                 	STD  Y+@0+3,R25
                 	.ENDM
                 
                 	.MACRO __PUTDZ2
                 	STD  Z+@0,R26
                 	STD  Z+@0+1,R27
                 	STD  Z+@0+2,R24
                 	STD  Z+@0+3,R25
                 	.ENDM
                 
                 	.MACRO __CLRD1S
                 	STD  Y+@0,R30
                 	STD  Y+@0+1,R30
                 	STD  Y+@0+2,R30
                 	STD  Y+@0+3,R30
                 	.ENDM
                 
                 	.MACRO __POINTB1MN
                 	LDI  R30,LOW(@0+(@1))
                 	.ENDM
                 
                 	.MACRO __POINTW1MN
                 	LDI  R30,LOW(@0+(@1))
                 	LDI  R31,HIGH(@0+(@1))
                 	.ENDM
                 
                 	.MACRO __POINTD1M
                 	LDI  R30,LOW(@0)
                 	LDI  R31,HIGH(@0)
                 	LDI  R22,BYTE3(@0)
                 	LDI  R23,BYTE4(@0)
                 	.ENDM
                 
                 	.MACRO __POINTW1FN
                 	LDI  R30,LOW(2*@0+(@1))
                 	LDI  R31,HIGH(2*@0+(@1))
                 	.ENDM
                 
                 	.MACRO __POINTD1FN
                 	LDI  R30,LOW(2*@0+(@1))
                 	LDI  R31,HIGH(2*@0+(@1))
                 	LDI  R22,BYTE3(2*@0+(@1))
                 	LDI  R23,BYTE4(2*@0+(@1))
                 	.ENDM
                 
                 	.MACRO __POINTB2MN
                 	LDI  R26,LOW(@0+(@1))
                 	.ENDM
                 
                 	.MACRO __POINTW2MN
                 	LDI  R26,LOW(@0+(@1))
                 	LDI  R27,HIGH(@0+(@1))
                 	.ENDM
                 
                 	.MACRO __POINTW2FN
                 	LDI  R26,LOW(2*@0+(@1))
                 	LDI  R27,HIGH(2*@0+(@1))
                 	.ENDM
                 
                 	.MACRO __POINTD2FN
                 	LDI  R26,LOW(2*@0+(@1))
                 	LDI  R27,HIGH(2*@0+(@1))
                 	LDI  R24,BYTE3(2*@0+(@1))
                 	LDI  R25,BYTE4(2*@0+(@1))
                 	.ENDM
                 
                 	.MACRO __POINTBRM
                 	LDI  R@0,LOW(@1)
                 	.ENDM
                 
                 	.MACRO __POINTWRM
                 	LDI  R@0,LOW(@2)
                 	LDI  R@1,HIGH(@2)
                 	.ENDM
                 
                 	.MACRO __POINTBRMN
                 	LDI  R@0,LOW(@1+(@2))
                 	.ENDM
                 
                 	.MACRO __POINTWRMN
                 	LDI  R@0,LOW(@2+(@3))
                 	LDI  R@1,HIGH(@2+(@3))
                 	.ENDM
                 
                 	.MACRO __POINTWRFN
                 	LDI  R@0,LOW(@2*2+(@3))
                 	LDI  R@1,HIGH(@2*2+(@3))
                 	.ENDM
                 
                 	.MACRO __GETD1N
                 	LDI  R30,LOW(@0)
                 	LDI  R31,HIGH(@0)
                 	LDI  R22,BYTE3(@0)
                 	LDI  R23,BYTE4(@0)
                 	.ENDM
                 
                 	.MACRO __GETD2N
                 	LDI  R26,LOW(@0)
                 	LDI  R27,HIGH(@0)
                 	LDI  R24,BYTE3(@0)
                 	LDI  R25,BYTE4(@0)
                 	.ENDM
                 
                 	.MACRO __GETB1MN
                 	LDS  R30,@0+(@1)
                 	.ENDM
                 
                 	.MACRO __GETB1HMN
                 	LDS  R31,@0+(@1)
                 	.ENDM
                 
                 	.MACRO __GETW1MN
                 	LDS  R30,@0+(@1)
                 	LDS  R31,@0+(@1)+1
                 	.ENDM
                 
                 	.MACRO __GETD1MN
                 	LDS  R30,@0+(@1)
                 	LDS  R31,@0+(@1)+1
                 	LDS  R22,@0+(@1)+2
                 	LDS  R23,@0+(@1)+3
                 	.ENDM
                 
                 	.MACRO __GETBRMN
                 	LDS  R@0,@1+(@2)
                 	.ENDM
                 
                 	.MACRO __GETWRMN
                 	LDS  R@0,@2+(@3)
                 	LDS  R@1,@2+(@3)+1
                 	.ENDM
                 
                 	.MACRO __GETWRZ
                 	LDD  R@0,Z+@2
                 	LDD  R@1,Z+@2+1
                 	.ENDM
                 
                 	.MACRO __GETD2Z
                 	LDD  R26,Z+@0
                 	LDD  R27,Z+@0+1
                 	LDD  R24,Z+@0+2
                 	LDD  R25,Z+@0+3
                 	.ENDM
                 
                 	.MACRO __GETB2MN
                 	LDS  R26,@0+(@1)
                 	.ENDM
                 
                 	.MACRO __GETW2MN
                 	LDS  R26,@0+(@1)
                 	LDS  R27,@0+(@1)+1
                 	.ENDM
                 
                 	.MACRO __GETD2MN
                 	LDS  R26,@0+(@1)
                 	LDS  R27,@0+(@1)+1
                 	LDS  R24,@0+(@1)+2
                 	LDS  R25,@0+(@1)+3
                 	.ENDM
                 
                 	.MACRO __PUTB1MN
                 	STS  @0+(@1),R30
                 	.ENDM
                 
                 	.MACRO __PUTW1MN
                 	STS  @0+(@1),R30
                 	STS  @0+(@1)+1,R31
                 	.ENDM
                 
                 	.MACRO __PUTD1MN
                 	STS  @0+(@1),R30
                 	STS  @0+(@1)+1,R31
                 	STS  @0+(@1)+2,R22
                 	STS  @0+(@1)+3,R23
                 	.ENDM
                 
                 	.MACRO __PUTB1EN
                 	LDI  R26,LOW(@0+(@1))
                 	LDI  R27,HIGH(@0+(@1))
                 	CALL __EEPROMWRB
                 	.ENDM
                 
                 	.MACRO __PUTW1EN
                 	LDI  R26,LOW(@0+(@1))
                 	LDI  R27,HIGH(@0+(@1))
                 	CALL __EEPROMWRW
                 	.ENDM
                 
                 	.MACRO __PUTD1EN
                 	LDI  R26,LOW(@0+(@1))
                 	LDI  R27,HIGH(@0+(@1))
                 	CALL __EEPROMWRD
                 	.ENDM
                 
                 	.MACRO __PUTBR0MN
                 	STS  @0+(@1),R0
                 	.ENDM
                 
                 	.MACRO __PUTBMRN
                 	STS  @0+(@1),R@2
                 	.ENDM
                 
                 	.MACRO __PUTWMRN
                 	STS  @0+(@1),R@2
                 	STS  @0+(@1)+1,R@3
                 	.ENDM
                 
                 	.MACRO __PUTBZR
                 	STD  Z+@1,R@0
                 	.ENDM
                 
                 	.MACRO __PUTWZR
                 	STD  Z+@2,R@0
                 	STD  Z+@2+1,R@1
                 	.ENDM
                 
                 	.MACRO __GETW1R
                 	MOV  R30,R@0
                 	MOV  R31,R@1
                 	.ENDM
                 
                 	.MACRO __GETW2R
                 	MOV  R26,R@0
                 	MOV  R27,R@1
                 	.ENDM
                 
                 	.MACRO __GETWRN
                 	LDI  R@0,LOW(@2)
                 	LDI  R@1,HIGH(@2)
                 	.ENDM
                 
                 	.MACRO __PUTW1R
                 	MOV  R@0,R30
                 	MOV  R@1,R31
                 	.ENDM
                 
                 	.MACRO __PUTW2R
                 	MOV  R@0,R26
                 	MOV  R@1,R27
                 	.ENDM
                 
                 	.MACRO __ADDWRN
                 	SUBI R@0,LOW(-@2)
                 	SBCI R@1,HIGH(-@2)
                 	.ENDM
                 
                 	.MACRO __ADDWRR
                 	ADD  R@0,R@2
                 	ADC  R@1,R@3
                 	.ENDM
                 
                 	.MACRO __SUBWRN
                 	SUBI R@0,LOW(@2)
                 	SBCI R@1,HIGH(@2)
                 	.ENDM
                 
                 	.MACRO __SUBWRR
                 	SUB  R@0,R@2
                 	SBC  R@1,R@3
                 	.ENDM
                 
                 	.MACRO __ANDWRN
                 	ANDI R@0,LOW(@2)
                 	ANDI R@1,HIGH(@2)
                 	.ENDM
                 
                 	.MACRO __ANDWRR
                 	AND  R@0,R@2
                 	AND  R@1,R@3
                 	.ENDM
                 
                 	.MACRO __ORWRN
                 	ORI  R@0,LOW(@2)
                 	ORI  R@1,HIGH(@2)
                 	.ENDM
                 
                 	.MACRO __ORWRR
                 	OR   R@0,R@2
                 	OR   R@1,R@3
                 	.ENDM
                 
                 	.MACRO __EORWRR
                 	EOR  R@0,R@2
                 	EOR  R@1,R@3
                 	.ENDM
                 
                 	.MACRO __GETWRS
                 	LDD  R@0,Y+@2
                 	LDD  R@1,Y+@2+1
                 	.ENDM
                 
                 	.MACRO __PUTBSR
                 	STD  Y+@1,R@0
                 	.ENDM
                 
                 	.MACRO __PUTWSR
                 	STD  Y+@2,R@0
                 	STD  Y+@2+1,R@1
                 	.ENDM
                 
                 	.MACRO __MOVEWRR
                 	MOV  R@0,R@2
                 	MOV  R@1,R@3
                 	.ENDM
                 
                 	.MACRO __INWR
                 	IN   R@0,@2
                 	IN   R@1,@2+1
                 	.ENDM
                 
                 	.MACRO __OUTWR
                 	OUT  @2+1,R@1
                 	OUT  @2,R@0
                 	.ENDM
                 
                 	.MACRO __CALL1MN
                 	LDS  R30,@0+(@1)
                 	LDS  R31,@0+(@1)+1
                 	ICALL
                 	.ENDM
                 
                 	.MACRO __CALL1FN
                 	LDI  R30,LOW(2*@0+(@1))
                 	LDI  R31,HIGH(2*@0+(@1))
                 	CALL __GETW1PF
                 	ICALL
                 	.ENDM
                 
                 	.MACRO __CALL2EN
                 	PUSH R26
                 	PUSH R27
                 	LDI  R26,LOW(@0+(@1))
                 	LDI  R27,HIGH(@0+(@1))
                 	CALL __EEPROMRDW
                 	POP  R27
                 	POP  R26
                 	ICALL
                 	.ENDM
                 
                 	.MACRO __CALL2EX
                 	SUBI R26,LOW(-@0)
                 	SBCI R27,HIGH(-@0)
                 	CALL __EEPROMRDD
                 	ICALL
                 	.ENDM
                 
                 	.MACRO __GETW1STACK
                 	IN   R30,SPL
                 	IN   R31,SPH
                 	ADIW R30,@0+1
                 	LD   R0,Z+
                 	LD   R31,Z
                 	MOV  R30,R0
                 	.ENDM
                 
                 	.MACRO __GETD1STACK
                 	IN   R30,SPL
                 	IN   R31,SPH
                 	ADIW R30,@0+1
                 	LD   R0,Z+
                 	LD   R1,Z+
                 	LD   R22,Z
                 	MOVW R30,R0
                 	.ENDM
                 
                 	.MACRO __NBST
                 	BST  R@0,@1
                 	IN   R30,SREG
                 	LDI  R31,0x40
                 	EOR  R30,R31
                 	OUT  SREG,R30
                 	.ENDM
                 
                 
                 	.MACRO __PUTB1SN
                 	LDD  R26,Y+@0
                 	LDD  R27,Y+@0+1
                 	SUBI R26,LOW(-@1)
                 	SBCI R27,HIGH(-@1)
                 	ST   X,R30
                 	.ENDM
                 
                 	.MACRO __PUTW1SN
                 	LDD  R26,Y+@0
                 	LDD  R27,Y+@0+1
                 	SUBI R26,LOW(-@1)
                 	SBCI R27,HIGH(-@1)
                 	ST   X+,R30
                 	ST   X,R31
                 	.ENDM
                 
                 	.MACRO __PUTD1SN
                 	LDD  R26,Y+@0
                 	LDD  R27,Y+@0+1
                 	SUBI R26,LOW(-@1)
                 	SBCI R27,HIGH(-@1)
                 	CALL __PUTDP1
                 	.ENDM
                 
                 	.MACRO __PUTB1SNS
                 	LDD  R26,Y+@0
                 	LDD  R27,Y+@0+1
                 	ADIW R26,@1
                 	ST   X,R30
                 	.ENDM
                 
                 	.MACRO __PUTW1SNS
                 	LDD  R26,Y+@0
                 	LDD  R27,Y+@0+1
                 	ADIW R26,@1
                 	ST   X+,R30
                 	ST   X,R31
                 	.ENDM
                 
                 	.MACRO __PUTD1SNS
                 	LDD  R26,Y+@0
                 	LDD  R27,Y+@0+1
                 	ADIW R26,@1
                 	CALL __PUTDP1
                 	.ENDM
                 
                 	.MACRO __PUTB1PMN
                 	LDS  R26,@0
                 	LDS  R27,@0+1
                 	SUBI R26,LOW(-@1)
                 	SBCI R27,HIGH(-@1)
                 	ST   X,R30
                 	.ENDM
                 
                 	.MACRO __PUTW1PMN
                 	LDS  R26,@0
                 	LDS  R27,@0+1
                 	SUBI R26,LOW(-@1)
                 	SBCI R27,HIGH(-@1)
                 	ST   X+,R30
                 	ST   X,R31
                 	.ENDM
                 
                 	.MACRO __PUTD1PMN
                 	LDS  R26,@0
                 	LDS  R27,@0+1
                 	SUBI R26,LOW(-@1)
                 	SBCI R27,HIGH(-@1)
                 	CALL __PUTDP1
                 	.ENDM
                 
                 	.MACRO __PUTB1PMNS
                 	LDS  R26,@0
                 	LDS  R27,@0+1
                 	ADIW R26,@1
                 	ST   X,R30
                 	.ENDM
                 
                 	.MACRO __PUTW1PMNS
                 	LDS  R26,@0
                 	LDS  R27,@0+1
                 	ADIW R26,@1
                 	ST   X+,R30
                 	ST   X,R31
                 	.ENDM
                 
                 	.MACRO __PUTD1PMNS
                 	LDS  R26,@0
                 	LDS  R27,@0+1
                 	ADIW R26,@1
                 	CALL __PUTDP1
                 	.ENDM
                 
                 	.MACRO __PUTB1RN
                 	MOVW R26,R@0
                 	SUBI R26,LOW(-@1)
                 	SBCI R27,HIGH(-@1)
                 	ST   X,R30
                 	.ENDM
                 
                 	.MACRO __PUTW1RN
                 	MOVW R26,R@0
                 	SUBI R26,LOW(-@1)
                 	SBCI R27,HIGH(-@1)
                 	ST   X+,R30
                 	ST   X,R31
                 	.ENDM
                 
                 	.MACRO __PUTD1RN
                 	MOVW R26,R@0
                 	SUBI R26,LOW(-@1)
                 	SBCI R27,HIGH(-@1)
                 	CALL __PUTDP1
                 	.ENDM
                 
                 	.MACRO __PUTB1RNS
                 	MOVW R26,R@0
                 	ADIW R26,@1
                 	ST   X,R30
                 	.ENDM
                 
                 	.MACRO __PUTW1RNS
                 	MOVW R26,R@0
                 	ADIW R26,@1
                 	ST   X+,R30
                 	ST   X,R31
                 	.ENDM
                 
                 	.MACRO __PUTD1RNS
                 	MOVW R26,R@0
                 	ADIW R26,@1
                 	CALL __PUTDP1
                 	.ENDM
                 
                 	.MACRO __PUTB1RON
                 	MOV  R26,R@0
                 	MOV  R27,R@1
                 	SUBI R26,LOW(-@2)
                 	SBCI R27,HIGH(-@2)
                 	ST   X,R30
                 	.ENDM
                 
                 	.MACRO __PUTW1RON
                 	MOV  R26,R@0
                 	MOV  R27,R@1
                 	SUBI R26,LOW(-@2)
                 	SBCI R27,HIGH(-@2)
                 	ST   X+,R30
                 	ST   X,R31
                 	.ENDM
                 
                 	.MACRO __PUTD1RON
                 	MOV  R26,R@0
                 	MOV  R27,R@1
                 	SUBI R26,LOW(-@2)
                 	SBCI R27,HIGH(-@2)
                 	CALL __PUTDP1
                 	.ENDM
                 
                 	.MACRO __PUTB1RONS
                 	MOV  R26,R@0
                 	MOV  R27,R@1
                 	ADIW R26,@2
                 	ST   X,R30
                 	.ENDM
                 
                 	.MACRO __PUTW1RONS
                 	MOV  R26,R@0
                 	MOV  R27,R@1
                 	ADIW R26,@2
                 	ST   X+,R30
                 	ST   X,R31
                 	.ENDM
                 
                 	.MACRO __PUTD1RONS
                 	MOV  R26,R@0
                 	MOV  R27,R@1
                 	ADIW R26,@2
                 	CALL __PUTDP1
                 	.ENDM
                 
                 
                 	.MACRO __GETB1SX
                 	MOVW R30,R28
                 	SUBI R30,LOW(-@0)
                 	SBCI R31,HIGH(-@0)
                 	LD   R30,Z
                 	.ENDM
                 
                 	.MACRO __GETB1HSX
                 	MOVW R30,R28
                 	SUBI R30,LOW(-@0)
                 	SBCI R31,HIGH(-@0)
                 	LD   R31,Z
                 	.ENDM
                 
                 	.MACRO __GETW1SX
                 	MOVW R30,R28
                 	SUBI R30,LOW(-@0)
                 	SBCI R31,HIGH(-@0)
                 	LD   R0,Z+
                 	LD   R31,Z
                 	MOV  R30,R0
                 	.ENDM
                 
                 	.MACRO __GETD1SX
                 	MOVW R30,R28
                 	SUBI R30,LOW(-@0)
                 	SBCI R31,HIGH(-@0)
                 	LD   R0,Z+
                 	LD   R1,Z+
                 	LD   R22,Z+
                 	LD   R23,Z
                 	MOVW R30,R0
                 	.ENDM
                 
                 	.MACRO __GETB2SX
                 	MOVW R26,R28
                 	SUBI R26,LOW(-@0)
                 	SBCI R27,HIGH(-@0)
                 	LD   R26,X
                 	.ENDM
                 
                 	.MACRO __GETW2SX
                 	MOVW R26,R28
                 	SUBI R26,LOW(-@0)
                 	SBCI R27,HIGH(-@0)
                 	LD   R0,X+
                 	LD   R27,X
                 	MOV  R26,R0
                 	.ENDM
                 
                 	.MACRO __GETD2SX
                 	MOVW R26,R28
                 	SUBI R26,LOW(-@0)
                 	SBCI R27,HIGH(-@0)
                 	LD   R0,X+
                 	LD   R1,X+
                 	LD   R24,X+
                 	LD   R25,X
                 	MOVW R26,R0
                 	.ENDM
                 
                 	.MACRO __GETBRSX
                 	MOVW R30,R28
                 	SUBI R30,LOW(-@1)
                 	SBCI R31,HIGH(-@1)
                 	LD   R@0,Z
                 	.ENDM
                 
                 	.MACRO __GETWRSX
                 	MOVW R30,R28
                 	SUBI R30,LOW(-@2)
                 	SBCI R31,HIGH(-@2)
                 	LD   R@0,Z+
                 	LD   R@1,Z
                 	.ENDM
                 
                 	.MACRO __GETBRSX2
                 	MOVW R26,R28
                 	SUBI R26,LOW(-@1)
                 	SBCI R27,HIGH(-@1)
                 	LD   R@0,X
                 	.ENDM
                 
                 	.MACRO __GETWRSX2
                 	MOVW R26,R28
                 	SUBI R26,LOW(-@2)
                 	SBCI R27,HIGH(-@2)
                 	LD   R@0,X+
                 	LD   R@1,X
                 	.ENDM
                 
                 	.MACRO __LSLW8SX
                 	MOVW R30,R28
                 	SUBI R30,LOW(-@0)
                 	SBCI R31,HIGH(-@0)
                 	LD   R31,Z
                 	CLR  R30
                 	.ENDM
                 
                 	.MACRO __PUTB1SX
                 	MOVW R26,R28
                 	SUBI R26,LOW(-@0)
                 	SBCI R27,HIGH(-@0)
                 	ST   X,R30
                 	.ENDM
                 
                 	.MACRO __PUTW1SX
                 	MOVW R26,R28
                 	SUBI R26,LOW(-@0)
                 	SBCI R27,HIGH(-@0)
                 	ST   X+,R30
                 	ST   X,R31
                 	.ENDM
                 
                 	.MACRO __PUTD1SX
                 	MOVW R26,R28
                 	SUBI R26,LOW(-@0)
                 	SBCI R27,HIGH(-@0)
                 	ST   X+,R30
                 	ST   X+,R31
                 	ST   X+,R22
                 	ST   X,R23
                 	.ENDM
                 
                 	.MACRO __CLRW1SX
                 	MOVW R26,R28
                 	SUBI R26,LOW(-@0)
                 	SBCI R27,HIGH(-@0)
                 	ST   X+,R30
                 	ST   X,R30
                 	.ENDM
                 
                 	.MACRO __CLRD1SX
                 	MOVW R26,R28
                 	SUBI R26,LOW(-@0)
                 	SBCI R27,HIGH(-@0)
                 	ST   X+,R30
                 	ST   X+,R30
                 	ST   X+,R30
                 	ST   X,R30
                 	.ENDM
                 
                 	.MACRO __PUTB2SX
                 	MOVW R30,R28
                 	SUBI R30,LOW(-@0)
                 	SBCI R31,HIGH(-@0)
                 	ST   Z,R26
                 	.ENDM
                 
                 	.MACRO __PUTW2SX
                 	MOVW R30,R28
                 	SUBI R30,LOW(-@0)
                 	SBCI R31,HIGH(-@0)
                 	ST   Z+,R26
                 	ST   Z,R27
                 	.ENDM
                 
                 	.MACRO __PUTD2SX
                 	MOVW R30,R28
                 	SUBI R30,LOW(-@0)
                 	SBCI R31,HIGH(-@0)
                 	ST   Z+,R26
                 	ST   Z+,R27
                 	ST   Z+,R24
                 	ST   Z,R25
                 	.ENDM
                 
                 	.MACRO __PUTBSRX
                 	MOVW R30,R28
                 	SUBI R30,LOW(-@1)
                 	SBCI R31,HIGH(-@1)
                 	ST   Z,R@0
                 	.ENDM
                 
                 	.MACRO __PUTWSRX
                 	MOVW R30,R28
                 	SUBI R30,LOW(-@2)
                 	SBCI R31,HIGH(-@2)
                 	ST   Z+,R@0
                 	ST   Z,R@1
                 	.ENDM
                 
                 	.MACRO __PUTB1SNX
                 	MOVW R26,R28
                 	SUBI R26,LOW(-@0)
                 	SBCI R27,HIGH(-@0)
                 	LD   R0,X+
                 	LD   R27,X
                 	MOV  R26,R0
                 	SUBI R26,LOW(-@1)
                 	SBCI R27,HIGH(-@1)
                 	ST   X,R30
                 	.ENDM
                 
                 	.MACRO __PUTW1SNX
                 	MOVW R26,R28
                 	SUBI R26,LOW(-@0)
                 	SBCI R27,HIGH(-@0)
                 	LD   R0,X+
                 	LD   R27,X
                 	MOV  R26,R0
                 	SUBI R26,LOW(-@1)
                 	SBCI R27,HIGH(-@1)
                 	ST   X+,R30
                 	ST   X,R31
                 	.ENDM
                 
                 	.MACRO __PUTD1SNX
                 	MOVW R26,R28
                 	SUBI R26,LOW(-@0)
                 	SBCI R27,HIGH(-@0)
                 	LD   R0,X+
                 	LD   R27,X
                 	MOV  R26,R0
                 	SUBI R26,LOW(-@1)
                 	SBCI R27,HIGH(-@1)
                 	ST   X+,R30
                 	ST   X+,R31
                 	ST   X+,R22
                 	ST   X,R23
                 	.ENDM
                 
                 	.MACRO __MULBRR
                 	MULS R@0,R@1
                 	MOVW R30,R0
                 	.ENDM
                 
                 	.MACRO __MULBRRU
                 	MUL  R@0,R@1
                 	MOVW R30,R0
                 	.ENDM
                 
                 	.MACRO __MULBRR0
                 	MULS R@0,R@1
                 	.ENDM
                 
                 	.MACRO __MULBRRU0
                 	MUL  R@0,R@1
                 	.ENDM
                 
                 	.MACRO __MULBNWRU
                 	LDI  R26,@2
                 	MUL  R26,R@0
                 	MOVW R30,R0
                 	MUL  R26,R@1
                 	ADD  R31,R0
                 	.ENDM
                 
                 ;NAME DEFINITIONS FOR GLOBAL VARIABLES ALLOCATED TO REGISTERS
                 	.DEF _flag=R4
                 	.DEF _flag_msb=R5
                 	.DEF _rx_wr_index=R7
                 	.DEF _rx_rd_index=R6
                 	.DEF _rx_counter=R9
                 	.DEF __lcd_x=R8
                 	.DEF __lcd_y=R11
                 	.DEF __lcd_maxx=R10
                 
                 	.CSEG
                 	.ORG 0x00
                 
                 ;START OF CODE MARKER
                 __START_OF_CODE:
                 
                 ;INTERRUPT VECTORS
000000 940c 0042 	JMP  __RESET
000002 940c 0000 	JMP  0x00
000004 940c 0000 	JMP  0x00
000006 940c 0000 	JMP  0x00
000008 940c 0000 	JMP  0x00
00000a 940c 0000 	JMP  0x00
00000c 940c 0000 	JMP  0x00
00000e 940c 0000 	JMP  0x00
000010 940c 0000 	JMP  0x00
000012 940c 0000 	JMP  0x00
000014 940c 0000 	JMP  0x00
000016 940c 0000 	JMP  0x00
000018 940c 0000 	JMP  0x00
00001a 940c 006f 	JMP  _usart_rx_isr
00001c 940c 0000 	JMP  0x00
00001e 940c 0000 	JMP  0x00
000020 940c 0000 	JMP  0x00
000022 940c 0000 	JMP  0x00
000024 940c 0000 	JMP  0x00
000026 940c 0000 	JMP  0x00
000028 940c 0000 	JMP  0x00
                 
                 _tbl10_G101:
00002a 2710
00002b 03e8
00002c 0064
00002d 000a      	.DB  0x10,0x27,0xE8,0x3,0x64,0x0,0xA,0x0
00002e 0001      	.DB  0x1,0x0
                 _tbl16_G101:
00002f 1000
000030 0100
000031 0010
000032 0001      	.DB  0x0,0x10,0x0,0x1,0x10,0x0,0x1,0x0
                 
                 ;REGISTER BIT VARIABLES INITIALIZATION
                 __REG_BIT_VARS:
000033 0000      	.DW  0x0000
                 
                 ;GLOBAL REGISTER VARIABLES INITIALIZATION
                 __REG_VARS:
000034 0000
000035 0000      	.DB  0x0,0x0,0x0,0x0
000036 0000      	.DB  0x0,0x0
                 
                 _0x2000003:
000037 c080      	.DB  0x80,0xC0
                 
                 __GLOBAL_INI_TBL:
000038 0001      	.DW  0x01
000039 0002      	.DW  0x02
00003a 0066      	.DW  __REG_BIT_VARS*2
                 
00003b 0006      	.DW  0x06
00003c 0004      	.DW  0x04
00003d 0068      	.DW  __REG_VARS*2
                 
00003e 0002      	.DW  0x02
00003f 0268      	.DW  __base_y_G100
000040 006e      	.DW  _0x2000003*2
                 
                 _0xFFFFFFFF:
000041 0000      	.DW  0
                 
                 #define __GLOBAL_INI_TBL_PRESENT 1
                 
                 __RESET:
000042 94f8      	CLI
000043 27ee      	CLR  R30
000044 bbec      	OUT  EECR,R30
                 
                 ;INTERRUPT VECTORS ARE PLACED
                 ;AT THE START OF FLASH
000045 e0f1      	LDI  R31,1
000046 bffb      	OUT  GICR,R31
000047 bfeb      	OUT  GICR,R30
000048 bfe5      	OUT  MCUCR,R30
                 
                 ;CLEAR R2-R14
000049 e08d      	LDI  R24,(14-2)+1
00004a e0a2      	LDI  R26,2
00004b 27bb      	CLR  R27
                 __CLEAR_REG:
00004c 93ed      	ST   X+,R30
00004d 958a      	DEC  R24
00004e f7e9      	BRNE __CLEAR_REG
                 
                 ;CLEAR SRAM
00004f e080      	LDI  R24,LOW(__CLEAR_SRAM_SIZE)
000050 e098      	LDI  R25,HIGH(__CLEAR_SRAM_SIZE)
000051 e6a0      	LDI  R26,__SRAM_START
                 __CLEAR_SRAM:
000052 93ed      	ST   X+,R30
000053 9701      	SBIW R24,1
000054 f7e9      	BRNE __CLEAR_SRAM
                 
                 ;GLOBAL VARIABLES INITIALIZATION
000055 e7e0      	LDI  R30,LOW(__GLOBAL_INI_TBL*2)
000056 e0f0      	LDI  R31,HIGH(__GLOBAL_INI_TBL*2)
                 __GLOBAL_INI_NEXT:
000057 9185      	LPM  R24,Z+
000058 9195      	LPM  R25,Z+
000059 9700      	SBIW R24,0
00005a f061      	BREQ __GLOBAL_INI_END
00005b 91a5      	LPM  R26,Z+
00005c 91b5      	LPM  R27,Z+
00005d 9005      	LPM  R0,Z+
00005e 9015      	LPM  R1,Z+
00005f 01bf      	MOVW R22,R30
000060 01f0      	MOVW R30,R0
                 __GLOBAL_INI_LOOP:
000061 9005      	LPM  R0,Z+
000062 920d      	ST   X+,R0
000063 9701      	SBIW R24,1
000064 f7e1      	BRNE __GLOBAL_INI_LOOP
000065 01fb      	MOVW R30,R22
000066 cff0      	RJMP __GLOBAL_INI_NEXT
                 __GLOBAL_INI_END:
                 
                 ;HARDWARE STACK POINTER INITIALIZATION
000067 e5ef      	LDI  R30,LOW(__SRAM_END-__HEAP_SIZE)
000068 bfed      	OUT  SPL,R30
000069 e0e8      	LDI  R30,HIGH(__SRAM_END-__HEAP_SIZE)
00006a bfee      	OUT  SPH,R30
                 
                 ;DATA STACK POINTER INITIALIZATION
00006b e6c0      	LDI  R28,LOW(__SRAM_START+__DSTACK_SIZE)
00006c e0d2      	LDI  R29,HIGH(__SRAM_START+__DSTACK_SIZE)
                 
00006d 940c 00a5 	JMP  _main
                 
                 	.ESEG
                 	.ORG 0
                 
                 	.DSEG
                 	.ORG 0x260
                 
                 	.CSEG
                 ;/*******************************************************
                 ;This program was created by the
                 ;CodeWizardAVR V3.12 Advanced
                 ;Automatic Program Generator
                 ;© Copyright 1998-2014 Pavel Haiduc, HP InfoTech s.r.l.
                 ;http://www.hpinfotech.com
                 ;
                 ;Project :
                 ;Version :
                 ;Date    : 2019/07/04
                 ;Author  :
                 ;Company :
                 ;Comments:
                 ;
                 ;
                 ;Chip type               : ATmega32
                 ;Program type            : Application
                 ;AVR Core Clock frequency: 1.000000 MHz
                 ;Memory model            : Small
                 ;External RAM size       : 0
                 ;Data Stack size         : 512
                 ;*******************************************************/
                 ;
                 ;#include <mega32.h>
                 	#ifndef __SLEEP_DEFINED__
                 	#define __SLEEP_DEFINED__
                 	.EQU __se_bit=0x80
                 	.EQU __sm_mask=0x70
                 	.EQU __sm_powerdown=0x20
                 	.EQU __sm_powersave=0x30
                 	.EQU __sm_standby=0x60
                 	.EQU __sm_ext_standby=0x70
                 	.EQU __sm_adc_noise_red=0x10
                 	.SET power_ctrl_reg=mcucr
                 	#endif
                 ;#include <alcd.h>
                 ;
                 ;// Declare your global variables here
                 ;int flag =0;
                 ;
                 ;#define DATA_REGISTER_EMPTY (1<<UDRE)
                 ;#define RX_COMPLETE (1<<RXC)
                 ;#define FRAMING_ERROR (1<<FE)
                 ;#define PARITY_ERROR (1<<UPE)
                 ;#define DATA_OVERRUN (1<<DOR)
                 ;
                 ;
                 ;// USART Receiver buffer
                 ;#define RX_BUFFER_SIZE 8
                 ;char rx_buffer[RX_BUFFER_SIZE];
                 ;
                 ;#if RX_BUFFER_SIZE <= 256
                 ;unsigned char rx_wr_index=0,rx_rd_index=0;
                 ;#else
                 ;unsigned int rx_wr_index=0,rx_rd_index=0;
                 ;#endif
                 ;
                 ;#if RX_BUFFER_SIZE < 256
                 ;unsigned char rx_counter=0;
                 ;#else
                 ;unsigned int rx_counter=0;
                 ;#endif
                 ;
                 ;// This flag is set on USART Receiver buffer overflow
                 ;bit rx_buffer_overflow;
                 ;
                 ;// USART Receiver interrupt service routine
                 ;interrupt [USART_RXC] void usart_rx_isr(void)
                 ; 0000 003A {
                 
                 	.CSEG
                 _usart_rx_isr:
                 ; .FSTART _usart_rx_isr
00006f 93ea      	ST   -Y,R30
000070 93fa      	ST   -Y,R31
000071 b7ef      	IN   R30,SREG
000072 93ea      	ST   -Y,R30
                 ; 0000 003B char status,data;
                 ; 0000 003C status=UCSRA;
000073 931a      	ST   -Y,R17
000074 930a      	ST   -Y,R16
                 ;	status -> R17
                 ;	data -> R16
000075 b11b      	IN   R17,11
                 ; 0000 003D data=UDR;
000076 b10c      	IN   R16,12
                 ; 0000 003E /*if(data == 0x02)  {
                 ; 0000 003F     lcd_putchar(data+'0');
                 ; 0000 0040     flag = 1;
                 ; 0000 0041 }
                 ; 0000 0042 if (flag ==1){
                 ; 0000 0043     //OCR0 = data - '0';
                 ; 0000 0044     lcd_putchar(data+'0');
                 ; 0000 0045     flag = 0 ;
                 ; 0000 0046 }
                 ; 0000 0047 */
                 ; 0000 0048 if ((status & (FRAMING_ERROR | PARITY_ERROR | DATA_OVERRUN))==0)
000077 2fe1      	MOV  R30,R17
000078 71ec      	ANDI R30,LOW(0x1C)
000079 f489      	BRNE _0x3
                 ; 0000 0049    {
                 ; 0000 004A    rx_buffer[rx_wr_index++]=data;
00007a 2de7      	MOV  R30,R7
00007b 9473      	INC  R7
00007c e0f0      	LDI  R31,0
00007d 5ae0      	SUBI R30,LOW(-_rx_buffer)
00007e 4ffd      	SBCI R31,HIGH(-_rx_buffer)
00007f 8300      	ST   Z,R16
                 ; 0000 004B #if RX_BUFFER_SIZE == 256
                 ; 0000 004C    // special case for receiver buffer size=256
                 ; 0000 004D    if (++rx_counter == 0) rx_buffer_overflow=1;
                 ; 0000 004E #else
                 ; 0000 004F    if (rx_wr_index == RX_BUFFER_SIZE) rx_wr_index=0;
000080 e0e8      	LDI  R30,LOW(8)
000081 15e7      	CP   R30,R7
000082 f409      	BRNE _0x4
000083 2477      	CLR  R7
                 ; 0000 0050    if (++rx_counter == RX_BUFFER_SIZE)
                 _0x4:
000084 9493      	INC  R9
000085 e0e8      	LDI  R30,LOW(8)
000086 15e9      	CP   R30,R9
000087 f419      	BRNE _0x5
                 ; 0000 0051       {
                 ; 0000 0052       rx_counter=0;
000088 2499      	CLR  R9
                 ; 0000 0053       rx_buffer_overflow=1;
000089 9468      	SET
00008a f820      	BLD  R2,0
                 ; 0000 0054       }
                 ; 0000 0055 #endif
                 ; 0000 0056    }
                 _0x5:
                 ; 0000 0057 }
                 _0x3:
00008b 9109      	LD   R16,Y+
00008c 9119      	LD   R17,Y+
00008d 91e9      	LD   R30,Y+
00008e bfef      	OUT  SREG,R30
00008f 91f9      	LD   R31,Y+
000090 91e9      	LD   R30,Y+
000091 9518      	RETI
                 ; .FEND
                 ;
                 ;#ifndef _DEBUG_TERMINAL_IO_
                 ;// Get a character from the USART Receiver buffer
                 ;#define _ALTERNATE_GETCHAR_
                 ;#pragma used+
                 ;char getchar(void)
                 ; 0000 005E {
                 _getchar:
                 ; .FSTART _getchar
                 ; 0000 005F char data;
                 ; 0000 0060 while (rx_counter==0);
000092 931a      	ST   -Y,R17
                 ;	data -> R17
                 _0x6:
000093 2099      	TST  R9
000094 f3f1      	BREQ _0x6
                 ; 0000 0061 data=rx_buffer[rx_rd_index++];
000095 2de6      	MOV  R30,R6
000096 9463      	INC  R6
000097 e0f0      	LDI  R31,0
000098 5ae0      	SUBI R30,LOW(-_rx_buffer)
000099 4ffd      	SBCI R31,HIGH(-_rx_buffer)
00009a 8110      	LD   R17,Z
                 ; 0000 0062 #if RX_BUFFER_SIZE != 256
                 ; 0000 0063 if (rx_rd_index == RX_BUFFER_SIZE) rx_rd_index=0;
00009b e0e8      	LDI  R30,LOW(8)
00009c 15e6      	CP   R30,R6
00009d f409      	BRNE _0x9
00009e 2466      	CLR  R6
                 ; 0000 0064 #endif
                 ; 0000 0065 #asm("cli")
                 _0x9:
00009f 94f8      	cli
                 ; 0000 0066 --rx_counter;
0000a0 949a      	DEC  R9
                 ; 0000 0067 #asm("sei")
0000a1 9478      	sei
                 ; 0000 0068 return data;
0000a2 2fe1      	MOV  R30,R17
0000a3 9119      	LD   R17,Y+
0000a4 9508      	RET
                 ; 0000 0069 }
                 ; .FEND
                 ;#pragma used-
                 ;#endif
                 ;
                 ;// Standard Input/Output functions
                 ;#include <stdio.h>
                 ;
                 ;char receive(){
                 ; 0000 0070 char receive(){
                 ; 0000 0071     char temp;
                 ; 0000 0072     while (UCSRA.7!=0);
                 ;	temp -> R17
                 ; 0000 0073     temp = getchar();
                 ; 0000 0074     return temp;
                 ; 0000 0075 }
                 ;
                 ;void main(void)
                 ; 0000 0078 {
                 _main:
                 ; .FSTART _main
                 ; 0000 0079 // Declare your local variables here
                 ; 0000 007A char data;
                 ; 0000 007B char address =1 ;
                 ; 0000 007C int  i = 0;
                 ; 0000 007D 
                 ; 0000 007E // Input/Output Ports initialization
                 ; 0000 007F // Port A initialization
                 ; 0000 0080 // Function: Bit7=In Bit6=In Bit5=In Bit4=In Bit3=In Bit2=In Bit1=Out Bit0=Out
                 ; 0000 0081 DDRA=(0<<DDA7) | (0<<DDA6) | (0<<DDA5) | (0<<DDA4) | (0<<DDA3) | (0<<DDA2) | (1<<DDA1) | (1<<DDA0);
                 ;	data -> R17
                 ;	address -> R16
                 ;	i -> R18,R19
0000a5 e001      	LDI  R16,1
                +
0000a6 e020     +LDI R18 , LOW ( 0 )
0000a7 e030     +LDI R19 , HIGH ( 0 )
                 	__GETWRN 18,19,0
0000a8 e0e3      	LDI  R30,LOW(3)
0000a9 bbea      	OUT  0x1A,R30
                 ; 0000 0082 // State: Bit7=T Bit6=T Bit5=T Bit4=T Bit3=T Bit2=T Bit1=0 Bit0=0
                 ; 0000 0083 PORTA=(0<<PORTA7) | (0<<PORTA6) | (0<<PORTA5) | (0<<PORTA4) | (0<<PORTA3) | (0<<PORTA2) | (0<<PORTA1) | (0<<PORTA0);
0000aa e0e0      	LDI  R30,LOW(0)
0000ab bbeb      	OUT  0x1B,R30
                 ; 0000 0084 
                 ; 0000 0085 // Port B initialization
                 ; 0000 0086 // Function: Bit7=In Bit6=In Bit5=In Bit4=In Bit3=Out Bit2=In Bit1=In Bit0=In
                 ; 0000 0087 DDRB=(0<<DDB7) | (0<<DDB6) | (0<<DDB5) | (0<<DDB4) | (1<<DDB3) | (0<<DDB2) | (0<<DDB1) | (0<<DDB0);
0000ac e0e8      	LDI  R30,LOW(8)
0000ad bbe7      	OUT  0x17,R30
                 ; 0000 0088 // State: Bit7=T Bit6=T Bit5=T Bit4=T Bit3=0 Bit2=T Bit1=T Bit0=T
                 ; 0000 0089 PORTB=(0<<PORTB7) | (0<<PORTB6) | (0<<PORTB5) | (0<<PORTB4) | (0<<PORTB3) | (0<<PORTB2) | (0<<PORTB1) | (0<<PORTB0);
0000ae e0e0      	LDI  R30,LOW(0)
0000af bbe8      	OUT  0x18,R30
                 ; 0000 008A 
                 ; 0000 008B // Port C initialization
                 ; 0000 008C // Function: Bit7=In Bit6=In Bit5=In Bit4=In Bit3=In Bit2=In Bit1=In Bit0=In
                 ; 0000 008D DDRC=(0<<DDC7) | (0<<DDC6) | (0<<DDC5) | (0<<DDC4) | (0<<DDC3) | (0<<DDC2) | (0<<DDC1) | (0<<DDC0);
0000b0 bbe4      	OUT  0x14,R30
                 ; 0000 008E // State: Bit7=T Bit6=T Bit5=T Bit4=T Bit3=T Bit2=T Bit1=T Bit0=T
                 ; 0000 008F PORTC=(0<<PORTC7) | (0<<PORTC6) | (0<<PORTC5) | (0<<PORTC4) | (0<<PORTC3) | (0<<PORTC2) | (0<<PORTC1) | (0<<PORTC0);
0000b1 bbe5      	OUT  0x15,R30
                 ; 0000 0090 
                 ; 0000 0091 // Port D initialization
                 ; 0000 0092 // Function: Bit7=In Bit6=In Bit5=In Bit4=In Bit3=In Bit2=In Bit1=In Bit0=In
                 ; 0000 0093 DDRD=(0<<DDD7) | (0<<DDD6) | (0<<DDD5) | (0<<DDD4) | (0<<DDD3) | (0<<DDD2) | (0<<DDD1) | (0<<DDD0);
0000b2 bbe1      	OUT  0x11,R30
                 ; 0000 0094 // State: Bit7=T Bit6=T Bit5=T Bit4=T Bit3=T Bit2=T Bit1=T Bit0=T
                 ; 0000 0095 PORTD=(0<<PORTD7) | (0<<PORTD6) | (0<<PORTD5) | (0<<PORTD4) | (0<<PORTD3) | (0<<PORTD2) | (0<<PORTD1) | (0<<PORTD0);
0000b3 bbe2      	OUT  0x12,R30
                 ; 0000 0096 
                 ; 0000 0097 // Timer/Counter 0 initialization
                 ; 0000 0098 // Clock source: System Clock
                 ; 0000 0099 // Clock value: 1000.000 kHz
                 ; 0000 009A // Mode: Fast PWM top=0xFF
                 ; 0000 009B // OC0 output: Non-Inverted PWM
                 ; 0000 009C // Timer Period: 0.256 ms
                 ; 0000 009D // Output Pulse(s):
                 ; 0000 009E // OC0 Period: 0.256 ms Width: 0 us
                 ; 0000 009F TCCR0=(1<<WGM00) | (1<<COM01) | (0<<COM00) | (1<<WGM01) | (0<<CS02) | (0<<CS01) | (1<<CS00);
0000b4 e6e9      	LDI  R30,LOW(105)
0000b5 bfe3      	OUT  0x33,R30
                 ; 0000 00A0 TCNT0=0x00;
0000b6 e0e0      	LDI  R30,LOW(0)
0000b7 bfe2      	OUT  0x32,R30
                 ; 0000 00A1 OCR0=0x00;
0000b8 bfec      	OUT  0x3C,R30
                 ; 0000 00A2 
                 ; 0000 00A3 // Timer/Counter 1 initialization
                 ; 0000 00A4 // Clock source: System Clock
                 ; 0000 00A5 // Clock value: Timer1 Stopped
                 ; 0000 00A6 // Mode: Normal top=0xFFFF
                 ; 0000 00A7 // OC1A output: Disconnected
                 ; 0000 00A8 // OC1B output: Disconnected
                 ; 0000 00A9 // Noise Canceler: Off
                 ; 0000 00AA // Input Capture on Falling Edge
                 ; 0000 00AB // Timer1 Overflow Interrupt: Off
                 ; 0000 00AC // Input Capture Interrupt: Off
                 ; 0000 00AD // Compare A Match Interrupt: Off
                 ; 0000 00AE // Compare B Match Interrupt: Off
                 ; 0000 00AF TCCR1A=(0<<COM1A1) | (0<<COM1A0) | (0<<COM1B1) | (0<<COM1B0) | (0<<WGM11) | (0<<WGM10);
0000b9 bdef      	OUT  0x2F,R30
                 ; 0000 00B0 TCCR1B=(0<<ICNC1) | (0<<ICES1) | (0<<WGM13) | (0<<WGM12) | (0<<CS12) | (0<<CS11) | (0<<CS10);
0000ba bdee      	OUT  0x2E,R30
                 ; 0000 00B1 TCNT1H=0x00;
0000bb bded      	OUT  0x2D,R30
                 ; 0000 00B2 TCNT1L=0x00;
0000bc bdec      	OUT  0x2C,R30
                 ; 0000 00B3 ICR1H=0x00;
0000bd bde7      	OUT  0x27,R30
                 ; 0000 00B4 ICR1L=0x00;
0000be bde6      	OUT  0x26,R30
                 ; 0000 00B5 OCR1AH=0x00;
0000bf bdeb      	OUT  0x2B,R30
                 ; 0000 00B6 OCR1AL=0x00;
0000c0 bdea      	OUT  0x2A,R30
                 ; 0000 00B7 OCR1BH=0x00;
0000c1 bde9      	OUT  0x29,R30
                 ; 0000 00B8 OCR1BL=0x00;
0000c2 bde8      	OUT  0x28,R30
                 ; 0000 00B9 
                 ; 0000 00BA // Timer/Counter 2 initialization
                 ; 0000 00BB // Clock source: System Clock
                 ; 0000 00BC // Clock value: Timer2 Stopped
                 ; 0000 00BD // Mode: Normal top=0xFF
                 ; 0000 00BE // OC2 output: Disconnected
                 ; 0000 00BF ASSR=0<<AS2;
0000c3 bde2      	OUT  0x22,R30
                 ; 0000 00C0 TCCR2=(0<<PWM2) | (0<<COM21) | (0<<COM20) | (0<<CTC2) | (0<<CS22) | (0<<CS21) | (0<<CS20);
0000c4 bde5      	OUT  0x25,R30
                 ; 0000 00C1 TCNT2=0x00;
0000c5 bde4      	OUT  0x24,R30
                 ; 0000 00C2 OCR2=0x00;
0000c6 bde3      	OUT  0x23,R30
                 ; 0000 00C3 
                 ; 0000 00C4 // Timer(s)/Counter(s) Interrupt(s) initialization
                 ; 0000 00C5 TIMSK=(0<<OCIE2) | (0<<TOIE2) | (0<<TICIE1) | (0<<OCIE1A) | (0<<OCIE1B) | (0<<TOIE1) | (0<<OCIE0) | (0<<TOIE0);
0000c7 bfe9      	OUT  0x39,R30
                 ; 0000 00C6 
                 ; 0000 00C7 // External Interrupt(s) initialization
                 ; 0000 00C8 // INT0: Off
                 ; 0000 00C9 // INT1: Off
                 ; 0000 00CA // INT2: Off
                 ; 0000 00CB MCUCR=(0<<ISC11) | (0<<ISC10) | (0<<ISC01) | (0<<ISC00);
0000c8 bfe5      	OUT  0x35,R30
                 ; 0000 00CC MCUCSR=(0<<ISC2);
0000c9 bfe4      	OUT  0x34,R30
                 ; 0000 00CD 
                 ; 0000 00CE // USART initialization
                 ; 0000 00CF // Communication Parameters: 8 Data, 1 Stop, No Parity
                 ; 0000 00D0 // USART Receiver: On
                 ; 0000 00D1 // USART Transmitter: Off
                 ; 0000 00D2 // USART Mode: Sync. Slave UCPOL=1
                 ; 0000 00D3 UCSRA=(0<<RXC) | (0<<TXC) | (0<<UDRE) | (0<<FE) | (0<<DOR) | (0<<UPE) | (0<<U2X) | (0<<MPCM);
0000ca b9eb      	OUT  0xB,R30
                 ; 0000 00D4 UCSRB=(1<<RXCIE) | (0<<TXCIE) | (0<<UDRIE) | (1<<RXEN) | (0<<TXEN) | (0<<UCSZ2) | (0<<RXB8) | (0<<TXB8);
0000cb e9e0      	LDI  R30,LOW(144)
0000cc b9ea      	OUT  0xA,R30
                 ; 0000 00D5 UCSRC=(1<<URSEL) | (1<<UMSEL) | (0<<UPM1) | (0<<UPM0) | (0<<USBS) | (1<<UCSZ1) | (1<<UCSZ0) | (1<<UCPOL);
0000cd ece7      	LDI  R30,LOW(199)
0000ce bde0      	OUT  0x20,R30
                 ; 0000 00D6 // Analog Comparator initialization
                 ; 0000 00D7 // Analog Comparator: Off
                 ; 0000 00D8 // The Analog Comparator's positive input is
                 ; 0000 00D9 // connected to the AIN0 pin
                 ; 0000 00DA // The Analog Comparator's negative input is
                 ; 0000 00DB // connected to the AIN1 pin
                 ; 0000 00DC ACSR=(1<<ACD) | (0<<ACBG) | (0<<ACO) | (0<<ACI) | (0<<ACIE) | (0<<ACIC) | (0<<ACIS1) | (0<<ACIS0);
0000cf e8e0      	LDI  R30,LOW(128)
0000d0 b9e8      	OUT  0x8,R30
                 ; 0000 00DD SFIOR=(0<<ACME);
0000d1 e0e0      	LDI  R30,LOW(0)
0000d2 bfe0      	OUT  0x30,R30
                 ; 0000 00DE 
                 ; 0000 00DF // ADC initialization
                 ; 0000 00E0 // ADC disabled
                 ; 0000 00E1 ADCSRA=(0<<ADEN) | (0<<ADSC) | (0<<ADATE) | (0<<ADIF) | (0<<ADIE) | (0<<ADPS2) | (0<<ADPS1) | (0<<ADPS0);
0000d3 b9e6      	OUT  0x6,R30
                 ; 0000 00E2 
                 ; 0000 00E3 // SPI initialization
                 ; 0000 00E4 // SPI disabled
                 ; 0000 00E5 SPCR=(0<<SPIE) | (0<<SPE) | (0<<DORD) | (0<<MSTR) | (0<<CPOL) | (0<<CPHA) | (0<<SPR1) | (0<<SPR0);
0000d4 b9ed      	OUT  0xD,R30
                 ; 0000 00E6 
                 ; 0000 00E7 // TWI initialization
                 ; 0000 00E8 // TWI disabled
                 ; 0000 00E9 TWCR=(0<<TWEA) | (0<<TWSTA) | (0<<TWSTO) | (0<<TWEN) | (0<<TWIE);
0000d5 bfe6      	OUT  0x36,R30
                 ; 0000 00EA 
                 ; 0000 00EB // Global enable interrupts
                 ; 0000 00EC #asm("sei")
0000d6 9478      	sei
                 ; 0000 00ED lcd_init(16);
0000d7 e1a0      	LDI  R26,LOW(16)
0000d8 d065      	RCALL _lcd_init
                 ; 0000 00EE 
                 ; 0000 00EF while (1)
                 _0xD:
                 ; 0000 00F0       {
                 ; 0000 00F1       // Place your code here
                 ; 0000 00F2      //lcd_putchar('c');
                 ; 0000 00F3      address =  getchar();
0000d9 dfb8      	RCALL _getchar
0000da 2f0e      	MOV  R16,R30
                 ; 0000 00F4      lcd_clear();
0000db d042      	RCALL _lcd_clear
                 ; 0000 00F5      lcd_putchar(address + '0');
0000dc 2fa0      	MOV  R26,R16
0000dd 5da0      	SUBI R26,-LOW(48)
0000de d04b      	RCALL _lcd_putchar
                 ; 0000 00F6      if (address == 0x02){
0000df 3002      	CPI  R16,2
0000e0 f471      	BRNE _0x10
                 ; 0000 00F7         data = getchar();
0000e1 dfb0      	RCALL _getchar
0000e2 2f1e      	MOV  R17,R30
                 ; 0000 00F8         lcd_putchar(data);
0000e3 2fa1      	MOV  R26,R17
0000e4 d045      	RCALL _lcd_putchar
                 ; 0000 00F9         data = (data /20 ) * 255;
0000e5 2fa1      	MOV  R26,R17
0000e6 e0b0      	LDI  R27,0
0000e7 e1e4      	LDI  R30,LOW(20)
0000e8 e0f0      	LDI  R31,HIGH(20)
0000e9 940e 0199 	CALL __DIVW21
0000eb efaf      	LDI  R26,LOW(255)
0000ec 02ea      	MULS R30,R26
0000ed 2d10      	MOV  R17,R0
                 ; 0000 00FA         OCR0 = data ;
0000ee bf1c      	OUT  0x3C,R17
                 ; 0000 00FB      }
                 ; 0000 00FC 
                 ; 0000 00FD       //lcd_puts("123");
                 ; 0000 00FE      /* if(i == 0){
                 ; 0000 00FF       i = i+1;
                 ; 0000 0100       address = getchar();
                 ; 0000 0101       //lcd_puts("23");
                 ; 0000 0102       if (address == 0){
                 ; 0000 0103                lcd_puts("null");
                 ; 0000 0104       }
                 ; 0000 0105       lcd_putchar('0'+address);
                 ; 0000 0106       if (address != 0x02){
                 ; 0000 0107         lcd_puts("i got it");
                 ; 0000 0108        // data =  getchar ();
                 ; 0000 0109        // lcd_putchar(data);
                 ; 0000 010A        // data = getchar();
                 ; 0000 010B        // lcd_putchar(data);
                 ; 0000 010C 
                 ; 0000 010D 
                 ; 0000 010E         //OCR0 = data - '0';
                 ; 0000 010F       }
                 ; 0000 0110       }
                 ; 0000 0111       //lcd_puts("i didnt get it");*/
                 ; 0000 0112 
                 ; 0000 0113 
                 ; 0000 0114 
                 ; 0000 0115 
                 ; 0000 0116       }
                 _0x10:
0000ef cfe9      	RJMP _0xD
                 ; 0000 0117 }
                 _0x11:
0000f0 cfff      	RJMP _0x11
                 ; .FEND
                 	#ifndef __SLEEP_DEFINED__
                 	#endif
                 
                 	.DSEG
                 
                 	.CSEG
                 __lcd_write_nibble_G100:
                 ; .FSTART __lcd_write_nibble_G100
0000f1 93aa      	ST   -Y,R26
0000f2 b3e5      	IN   R30,0x15
0000f3 70ef      	ANDI R30,LOW(0xF)
0000f4 2fae      	MOV  R26,R30
0000f5 81e8      	LD   R30,Y
0000f6 7fe0      	ANDI R30,LOW(0xF0)
0000f7 2bea      	OR   R30,R26
0000f8 bbe5      	OUT  0x15,R30
                +
0000f9 e082     +LDI R24 , LOW ( 2 )
                +__DELAY_USB_LOOP :
0000fa 958a     +DEC R24
0000fb f7f1     +BRNE __DELAY_USB_LOOP
                 	__DELAY_USB 2
0000fc 9aaa      	SBI  0x15,2
                +
0000fd e082     +LDI R24 , LOW ( 2 )
                +__DELAY_USB_LOOP :
0000fe 958a     +DEC R24
0000ff f7f1     +BRNE __DELAY_USB_LOOP
                 	__DELAY_USB 2
000100 98aa      	CBI  0x15,2
                +
000101 e082     +LDI R24 , LOW ( 2 )
                +__DELAY_USB_LOOP :
000102 958a     +DEC R24
000103 f7f1     +BRNE __DELAY_USB_LOOP
                 	__DELAY_USB 2
000104 c064      	RJMP _0x2080001
                 ; .FEND
                 __lcd_write_data:
                 ; .FSTART __lcd_write_data
000105 93aa      	ST   -Y,R26
000106 81a8      	LD   R26,Y
000107 dfe9      	RCALL __lcd_write_nibble_G100
000108 81e8          ld    r30,y
000109 95e2          swap  r30
00010a 83e8          st    y,r30
00010b 81a8      	LD   R26,Y
00010c dfe4      	RCALL __lcd_write_nibble_G100
                +
00010d e181     +LDI R24 , LOW ( 17 )
                +__DELAY_USB_LOOP :
00010e 958a     +DEC R24
00010f f7f1     +BRNE __DELAY_USB_LOOP
                 	__DELAY_USB 17
000110 c058      	RJMP _0x2080001
                 ; .FEND
                 _lcd_gotoxy:
                 ; .FSTART _lcd_gotoxy
000111 93aa      	ST   -Y,R26
000112 81e8      	LD   R30,Y
000113 e0f0      	LDI  R31,0
000114 59e8      	SUBI R30,LOW(-__base_y_G100)
000115 4ffd      	SBCI R31,HIGH(-__base_y_G100)
000116 81e0      	LD   R30,Z
000117 81a9      	LDD  R26,Y+1
000118 0fae      	ADD  R26,R30
000119 dfeb      	RCALL __lcd_write_data
00011a 8089      	LDD  R8,Y+1
00011b 80b8      	LDD  R11,Y+0
00011c 9622      	ADIW R28,2
00011d 9508      	RET
                 ; .FEND
                 _lcd_clear:
                 ; .FSTART _lcd_clear
00011e e0a2      	LDI  R26,LOW(2)
00011f 940e 016b 	CALL SUBOPT_0x0
000121 e0ac      	LDI  R26,LOW(12)
000122 dfe2      	RCALL __lcd_write_data
000123 e0a1      	LDI  R26,LOW(1)
000124 940e 016b 	CALL SUBOPT_0x0
000126 e0e0      	LDI  R30,LOW(0)
000127 2ebe      	MOV  R11,R30
000128 2e8e      	MOV  R8,R30
000129 9508      	RET
                 ; .FEND
                 _lcd_putchar:
                 ; .FSTART _lcd_putchar
00012a 93aa      	ST   -Y,R26
00012b 81a8      	LD   R26,Y
00012c 30aa      	CPI  R26,LOW(0xA)
00012d f011      	BREQ _0x2000005
00012e 148a      	CP   R8,R10
00012f f040      	BRLO _0x2000004
                 _0x2000005:
000130 e0e0      	LDI  R30,LOW(0)
000131 93ea      	ST   -Y,R30
000132 94b3      	INC  R11
000133 2dab      	MOV  R26,R11
000134 dfdc      	RCALL _lcd_gotoxy
000135 81a8      	LD   R26,Y
000136 30aa      	CPI  R26,LOW(0xA)
000137 f189      	BREQ _0x2080001
                 _0x2000004:
000138 9483      	INC  R8
000139 9aa8      	SBI  0x15,0
00013a 81a8      	LD   R26,Y
00013b dfc9      	RCALL __lcd_write_data
00013c 98a8      	CBI  0x15,0
00013d c02b      	RJMP _0x2080001
                 ; .FEND
                 _lcd_init:
                 ; .FSTART _lcd_init
00013e 93aa      	ST   -Y,R26
00013f b3e4      	IN   R30,0x14
000140 6fe0      	ORI  R30,LOW(0xF0)
000141 bbe4      	OUT  0x14,R30
000142 9aa2      	SBI  0x14,2
000143 9aa0      	SBI  0x14,0
000144 9aa1      	SBI  0x14,1
000145 98aa      	CBI  0x15,2
000146 98a8      	CBI  0x15,0
000147 98a9      	CBI  0x15,1
000148 80a8      	LDD  R10,Y+0
000149 81e8      	LD   R30,Y
00014a 58e0      	SUBI R30,-LOW(128)
                +
00014b 93e0 026a+STS __base_y_G100 + ( 2 ) , R30
                 	__PUTB1MN __base_y_G100,2
00014d 81e8      	LD   R30,Y
00014e 54e0      	SUBI R30,-LOW(192)
                +
00014f 93e0 026b+STS __base_y_G100 + ( 3 ) , R30
                 	__PUTB1MN __base_y_G100,3
000151 e1a4      	LDI  R26,LOW(20)
000152 e0b0      	LDI  R27,0
000153 940e 0178 	CALL _delay_ms
000155 940e 0171 	CALL SUBOPT_0x1
000157 940e 0171 	CALL SUBOPT_0x1
000159 940e 0171 	CALL SUBOPT_0x1
00015b e2a0      	LDI  R26,LOW(32)
00015c df94      	RCALL __lcd_write_nibble_G100
                +
00015d e281     +LDI R24 , LOW ( 33 )
                +__DELAY_USB_LOOP :
00015e 958a     +DEC R24
00015f f7f1     +BRNE __DELAY_USB_LOOP
                 	__DELAY_USB 33
000160 e2a8      	LDI  R26,LOW(40)
000161 dfa3      	RCALL __lcd_write_data
000162 e0a4      	LDI  R26,LOW(4)
000163 dfa1      	RCALL __lcd_write_data
000164 e8a5      	LDI  R26,LOW(133)
000165 df9f      	RCALL __lcd_write_data
000166 e0a6      	LDI  R26,LOW(6)
000167 df9d      	RCALL __lcd_write_data
000168 dfb5      	RCALL _lcd_clear
                 _0x2080001:
000169 9621      	ADIW R28,1
00016a 9508      	RET
                 ; .FEND
                 	#ifndef __SLEEP_DEFINED__
                 	#endif
                 
                 	.CSEG
                 
                 	.CSEG
                 
                 	.CSEG
                 
                 	.DSEG
                 _rx_buffer:
000260           	.BYTE 0x8
                 __base_y_G100:
000268           	.BYTE 0x4
                 
                 	.CSEG
                 ;OPTIMIZER ADDED SUBROUTINE, CALLED 2 TIMES, CODE SIZE REDUCTION:1 WORDS
                 SUBOPT_0x0:
00016b 940e 0105 	CALL __lcd_write_data
00016d e0a3      	LDI  R26,LOW(3)
00016e e0b0      	LDI  R27,0
00016f 940c 0178 	JMP  _delay_ms
                 
                 ;OPTIMIZER ADDED SUBROUTINE, CALLED 3 TIMES, CODE SIZE REDUCTION:5 WORDS
                 SUBOPT_0x1:
000171 e3a0      	LDI  R26,LOW(48)
000172 940e 00f1 	CALL __lcd_write_nibble_G100
                +
000174 e281     +LDI R24 , LOW ( 33 )
                +__DELAY_USB_LOOP :
000175 958a     +DEC R24
000176 f7f1     +BRNE __DELAY_USB_LOOP
                 	__DELAY_USB 33
000177 9508      	RET
                 
                 
                 	.CSEG
                 _delay_ms:
000178 9610      	adiw r26,0
000179 f039      	breq __delay_ms1
                 __delay_ms0:
                +
00017a ef8a     +LDI R24 , LOW ( 0xFA )
00017b e090     +LDI R25 , HIGH ( 0xFA )
                +__DELAY_USW_LOOP :
00017c 9701     +SBIW R24 , 1
00017d f7f1     +BRNE __DELAY_USW_LOOP
                 	__DELAY_USW 0xFA
00017e 95a8      	wdr
00017f 9711      	sbiw r26,1
000180 f7c9      	brne __delay_ms0
                 __delay_ms1:
000181 9508      	ret
                 
                 __ANEGW1:
000182 95f1      	NEG  R31
000183 95e1      	NEG  R30
000184 40f0      	SBCI R31,0
000185 9508      	RET
                 
                 __DIVW21U:
000186 2400      	CLR  R0
000187 2411      	CLR  R1
000188 e190      	LDI  R25,16
                 __DIVW21U1:
000189 0faa      	LSL  R26
00018a 1fbb      	ROL  R27
00018b 1c00      	ROL  R0
00018c 1c11      	ROL  R1
00018d 1a0e      	SUB  R0,R30
00018e 0a1f      	SBC  R1,R31
00018f f418      	BRCC __DIVW21U2
000190 0e0e      	ADD  R0,R30
000191 1e1f      	ADC  R1,R31
000192 c001      	RJMP __DIVW21U3
                 __DIVW21U2:
000193 60a1      	SBR  R26,1
                 __DIVW21U3:
000194 959a      	DEC  R25
000195 f799      	BRNE __DIVW21U1
000196 01fd      	MOVW R30,R26
000197 01d0      	MOVW R26,R0
000198 9508      	RET
                 
                 __DIVW21:
000199 d004      	RCALL __CHKSIGNW
00019a dfeb      	RCALL __DIVW21U
00019b f40e      	BRTC __DIVW211
00019c dfe5      	RCALL __ANEGW1
                 __DIVW211:
00019d 9508      	RET
                 
                 __CHKSIGNW:
00019e 94e8      	CLT
00019f fff7      	SBRS R31,7
0001a0 c002      	RJMP __CHKSW1
0001a1 dfe0      	RCALL __ANEGW1
0001a2 9468      	SET
                 __CHKSW1:
0001a3 ffb7      	SBRS R27,7
0001a4 c006      	RJMP __CHKSW2
0001a5 95a0      	COM  R26
0001a6 95b0      	COM  R27
0001a7 9611      	ADIW R26,1
0001a8 f800      	BLD  R0,0
0001a9 9403      	INC  R0
0001aa fa00      	BST  R0,0
                 __CHKSW2:
0001ab 9508      	RET
                 
                 ;END OF CODE MARKER
                 __END_OF_CODE:


RESOURCE USE INFORMATION
------------------------

Notice:
The register and instruction counts are symbol table hit counts,
and hence implicitly used resources are not counted, eg, the
'lpm' instruction without operands implicitly uses r0 and z,
none of which are counted.

x,y,z are separate entities in the symbol table and are
counted separately from r26..r31 here.

.dseg memory usage only counts static data declared with .byte

ATmega32 register use summary:
r0 :  13 r1 :   5 r2 :   1 r3 :   0 r4 :   0 r5 :   0 r6 :   4 r7 :   4 
r8 :   4 r9 :   5 r10:   2 r11:   4 r12:   0 r13:   0 r14:   0 r15:   0 
r16:   8 r17:  13 r18:   1 r19:   1 r20:   0 r21:   0 r22:   2 r23:   0 
r24:  21 r25:   5 r26:  46 r27:   8 r28:   3 r29:   1 r30: 115 r31:  17 
x  :   3 y  :  33 z  :  10 
Registers used: 25 out of 35 (71.4%)

ATmega32 instruction use summary:
.lds  :   0 .lds.l:   0 .sts  :   0 .sts.l:   0 adc   :   1 add   :   2 
adiw  :   4 and   :   0 andi  :   3 asr   :   0 bclr  :   0 bld   :   2 
brbc  :   0 brbs  :   0 brcc  :   1 brcs  :   0 break :   0 breq  :   5 
brge  :   0 brhc  :   0 brhs  :   0 brid  :   0 brie  :   0 brlo  :   1 
brlt  :   0 brmi  :   0 brne  :  17 brpl  :   0 brsh  :   0 brtc  :   1 
brts  :   0 brvc  :   0 brvs  :   0 bset  :   0 bst   :   1 call  :   9 
cbi   :   5 cbr   :   0 clc   :   0 clh   :   0 cli   :   2 cln   :   0 
clr   :   7 cls   :   0 clt   :   1 clv   :   0 clz   :   0 com   :   2 
cp    :   4 cpc   :   0 cpi   :   3 cpse  :   0 dec   :   9 des   :   0 
eor   :   0 fmul  :   0 fmuls :   0 fmulsu:   0 icall :   0 ijmp  :   0 
in    :   5 inc   :   6 jmp   :  23 ld    :  18 ldd   :   4 ldi   :  60 
lds   :   0 lpm   :   7 lsl   :   1 lsr   :   0 mov   :  14 movw  :   5 
mul   :   0 muls  :   1 mulsu :   0 neg   :   2 nop   :   0 or    :   1 
ori   :   1 out   :  46 pop   :   0 push  :   0 rcall :  22 ret   :  10 
reti  :   1 rjmp  :   9 rol   :   3 ror   :   0 sbc   :   1 sbci  :   4 
sbi   :   5 sbic  :   0 sbis  :   0 sbiw  :   5 sbr   :   1 sbrc  :   0 
sbrs  :   2 sec   :   0 seh   :   0 sei   :   2 sen   :   0 ser   :   0 
ses   :   0 set   :   2 sev   :   0 sez   :   0 sleep :   0 spm   :   0 
st    :  17 std   :   0 sts   :   2 sub   :   1 subi  :   6 swap  :   1 
tst   :   1 wdr   :   1 
Instructions used: 55 out of 116 (47.4%)

ATmega32 memory use summary [bytes]:
Segment   Begin    End      Code   Data   Used    Size   Use%
---------------------------------------------------------------
[.cseg] 0x000000 0x000358    808     48    856   32768   2.6%
[.dseg] 0x000060 0x00026c      0     12     12    2048   0.6%
[.eseg] 0x000000 0x000000      0      0      0    1024   0.0%

Assembly complete, 0 errors, 8 warnings
